  kursDlg.cpp
C:\Users\aleks\source\Labs\Lab08\kurs\kurs\kursDlg.cpp(189,17): warning C4244: аргумент: преобразование "double" в "int", возможна потеря данных
C:\Users\aleks\source\Labs\Lab08\kurs\kurs\kursDlg.cpp(189,12): warning C4244: аргумент: преобразование "double" в "int", возможна потеря данных
C:\Users\aleks\source\Labs\Lab08\kurs\kurs\kursDlg.cpp(190,22): warning C4244: аргумент: преобразование "double" в "int", возможна потеря данных
C:\Users\aleks\source\Labs\Lab08\kurs\kurs\kursDlg.cpp(190,16): warning C4244: аргумент: преобразование "double" в "int", возможна потеря данных
C:\Users\aleks\source\Labs\Lab08\kurs\kurs\kursDlg.cpp(191,22): warning C4244: аргумент: преобразование "double" в "int", возможна потеря данных
C:\Users\aleks\source\Labs\Lab08\kurs\kurs\kursDlg.cpp(191,16): warning C4244: аргумент: преобразование "double" в "int", возможна потеря данных
C:\Users\aleks\source\Labs\Lab08\kurs\kurs\kursDlg.cpp(192,17): warning C4244: аргумент: преобразование "double" в "int", возможна потеря данных
C:\Users\aleks\source\Labs\Lab08\kurs\kurs\kursDlg.cpp(192,12): warning C4244: аргумент: преобразование "double" в "int", возможна потеря данных
C:\Users\aleks\source\Labs\Lab08\kurs\kurs\kursDlg.cpp(193,25): warning C4244: аргумент: преобразование "double" в "int", возможна потеря данных
C:\Users\aleks\source\Labs\Lab08\kurs\kurs\kursDlg.cpp(193,16): warning C4244: аргумент: преобразование "double" в "int", возможна потеря данных
C:\Users\aleks\source\Labs\Lab08\kurs\kurs\kursDlg.cpp(195,70): warning C4244: аргумент: преобразование "double" в "int", возможна потеря данных
C:\Users\aleks\source\Labs\Lab08\kurs\kurs\kursDlg.cpp(195,54): warning C4244: аргумент: преобразование "double" в "int", возможна потеря данных
C:\Users\aleks\source\Labs\Lab08\kurs\kurs\kursDlg.cpp(195,38): warning C4244: аргумент: преобразование "double" в "int", возможна потеря данных
C:\Users\aleks\source\Labs\Lab08\kurs\kurs\kursDlg.cpp(195,22): warning C4244: аргумент: преобразование "double" в "int", возможна потеря данных
C:\Users\aleks\source\Labs\Lab08\kurs\kurs\kursDlg.cpp(196,27): warning C4244: аргумент: преобразование "double" в "UINT", возможна потеря данных
C:\Users\aleks\source\Labs\Lab08\kurs\kurs\kursDlg.cpp(197,29): warning C4244: аргумент: преобразование "double" в "UINT", возможна потеря данных
C:\Users\aleks\source\Labs\Lab08\kurs\kurs\kursDlg.cpp(198,29): warning C4244: аргумент: преобразование "double" в "UINT", возможна потеря данных
C:\Users\aleks\source\Labs\Lab08\kurs\kurs\kursDlg.cpp(199,27): warning C4244: аргумент: преобразование "double" в "UINT", возможна потеря данных
C:\Users\aleks\source\Labs\Lab08\kurs\kurs\kursDlg.cpp(200,27): warning C4244: аргумент: преобразование "double" в "UINT", возможна потеря данных
C:\Users\aleks\source\Labs\Lab08\kurs\kurs\kursDlg.cpp(303,76): warning C4244: аргумент: преобразование "double" в "int", возможна потеря данных
C:\Users\aleks\source\Labs\Lab08\kurs\kurs\kursDlg.cpp(303,59): warning C4244: аргумент: преобразование "double" в "int", возможна потеря данных
C:\Users\aleks\source\Labs\Lab08\kurs\kurs\kursDlg.cpp(303,36): warning C4244: аргумент: преобразование "double" в "int", возможна потеря данных
C:\Users\aleks\source\Labs\Lab08\kurs\kurs\kursDlg.cpp(303,19): warning C4244: аргумент: преобразование "double" в "int", возможна потеря данных
  Создание кода
  0 of 234 functions ( 0.0%) were compiled, the rest were copied from previous compilation.
    0 functions were new in current compilation
    0 functions had inline decision re-evaluated but remain unchanged
  Создание кода завершено
  kurs.vcxproj -> C:\Users\aleks\source\Labs\Lab08\kurs\x64\Release\kurs.exe
